ERROR 11786
ERROR 20671
ERROR 27617
ERROR 40819
ERROR 42261
ERROR 43983
ERROR 50041
ERROR 56148
ERROR 58883
ERROR 86046
ERROR 96484
ERROR 103916
ERROR 151286
ERROR 160997
ERROR 185683
ERROR 192935
ERROR 215728
ERROR 224942
ERROR 231048
ERROR 234563
ERROR 257526
ERROR 271252
ERROR 278040
ERROR 291510
ERROR 305697
ERROR 314988
ERROR 333146
ERROR 352063
ERROR 394230
ERROR 403149
ERROR 407522
ERROR 416386
ERROR 425906
ERROR 438323
ERROR 440330
ERROR 442460
ERROR 459580
ERROR 476746
ERROR 528678
ERROR 555795
ERROR 559077
ERROR 568892
ERROR 580831
ERROR 581579
ERROR 587220
ERROR 588195
ERROR 599147
ERROR 615057
ERROR 634643
ERROR 639946
ERROR 661174
ERROR 663816
ERROR 664197
ERROR 693348
ERROR 718811
ERROR 724009
ERROR 748825
ERROR 766520
ERROR 771865
ERROR 792589
ERROR 809892
ERROR 810745
ERROR 813265
ERROR 824125
ERROR 829486
ERROR 829494
ERROR 830760
ERROR 831233
ERROR 832916
ERROR 834126
ERROR 864339
ERROR 867860
ERROR 868337
ERROR 874277
ERROR 876847
ERROR 878831
ERROR 880299
ERROR 893187
ERROR 894723
ERROR 905486
ERROR 907442
ERROR 908822
ERROR 917486
ERROR 933818
ERROR 935051
ERROR 1010447
ERROR 1015896
ERROR 1023052
ERROR 1072431
ERROR 1095640
ERROR 1114731
ERROR 1125427
ERROR 1144745
ERROR 1166275
ERROR 1198049
ERROR 1203027
ERROR 1217476
ERROR 1223912
ERROR 1226356
ERROR 1231056
ERROR 1231658
ERROR 1251933
ERROR 1258964
ERROR 1281361
ERROR 1331405
ERROR 1350299
ERROR 1373997
ERROR 1394133
ERROR 1406745
ERROR 1420295
ERROR 1423239
ERROR 1427666
ERROR 1449916
ERROR 1457513
ERROR 1460961
ERROR 1474195
ERROR 1508575
ERROR 1520401
ERROR 1528435
ERROR 1546656
ERROR 1549432
ERROR 1554210
ERROR 1567289
ERROR 1578167
ERROR 1582466
ERROR 1584841
ERROR 1619468
ERROR 1645558
ERROR 1685174
ERROR 1687761
ERROR 1691091
ERROR 1712119
ERROR 1718133
ERROR 1719956
ERROR 1758939
ERROR 1765730
ERROR 1774836
ERROR 1775051
ERROR 1776360
ERROR 1786287
ERROR 1797466
ERROR 1800597
ERROR 1801622
ERROR 1828307
ERROR 1829242
ERROR 1833690
ERROR 1836825
ERROR 1838923
ERROR 1867435
ERROR 1877966
ERROR 1885005
ERROR 1900106
ERROR 1919175
ERROR 1928294
ERROR 1929391
ERROR 1929618
ERROR 1931508
ERROR 1932096
ERROR 1934563
ERROR 1957745
ERROR 1965803
ERROR 1969341
ERROR 1981293
ERROR 1999639
ERROR 2040500
ERROR 2068735
ERROR 2072442
ERROR 2072882
ERROR 2079266
ERROR 2114655
ERROR 2132470
ERROR 2136402
ERROR 2137931
ERROR 2142468
ERROR 2144763
ERROR 2156420
ERROR 2162946
ERROR 2191998
ERROR 2200266
ERROR 2214731
ERROR 2237314
ERROR 2294929
ERROR 2361718
ERROR 2384751
ERROR 2393344
ERROR 2402756
ERROR 2403579
ERROR 2410809
ERROR 2428076
ERROR 2442153
ERROR 2446206
ERROR 2447929
ERROR 2458669
ERROR 2475928
ERROR 2482851
ERROR 2553147
ERROR 2561910
ERROR 2596070
ERROR 2597735
ERROR 2606517
ERROR 2610992
ERROR 2624495
ERROR 2628885
ERROR 2630446
ERROR 2639716
ERROR 2646553
ERROR 2652642
ERROR 2669600
ERROR 2680569
ERROR 2681414
ERROR 2691392
ERROR 2712557
ERROR 2718485
ERROR 2752294
ERROR 2777775
ERROR 2778589
ERROR 2780854
ERROR 2827963
ERROR 2841780
ERROR 2856870
ERROR 2878082
ERROR 2929786
ERROR 2939641
ERROR 2953114
ERROR 2953656
ERROR 2973353
ERROR 2989722
ERROR 3013487
ERROR 3031571
ERROR 3035732
ERROR 3040470
ERROR 3052637
ERROR 3054175
ERROR 3055701
ERROR 3062896
ERROR 3069931
ERROR 3069992
ERROR 3080008
ERROR 3102062
ERROR 3109949
ERROR 3110339
ERROR 3111670
ERROR 3128354
ERROR 3130764
ERROR 3139858
ERROR 3142533
ERROR 3157671
ERROR 3158176
ERROR 3174338
ERROR 3179120
ERROR 3205985
ERROR 3208376
ERROR 3219976
ERROR 3224322
ERROR 3224919
ERROR 3238270
ERROR 3245474
ERROR 3284637
ERROR 3297287
ERROR 3321194
ERROR 3335696
ERROR 3340416
ERROR 3357247
ERROR 3357776
ERROR 3394473
ERROR 3413618
ERROR 3423012
ERROR 3423885
ERROR 3453285
ERROR 3457215
ERROR 3475725
ERROR 3482411
ERROR 3492167
ERROR 3492629
ERROR 3505972
ERROR 3508930
ERROR 3517141
ERROR 3517305
ERROR 3517416
ERROR 3525807
ERROR 3527290
ERROR 3529767
ERROR 3533096
ERROR 3549547
ERROR 3597963
ERROR 3600840
ERROR 3609281
ERROR 3623284
ERROR 3628651
ERROR 3634422
ERROR 3646040
ERROR 3660125
ERROR 3660353
ERROR 3661442
ERROR 3665942
ERROR 3699071
ERROR 3722381
ERROR 3727010
ERROR 3727364
ERROR 3728063
ERROR 3736792
ERROR 3749329
ERROR 3756554
ERROR 3781085
ERROR 3784868
ERROR 3786884
ERROR 3820459
ERROR 3823270
ERROR 3830563
ERROR 3841259
ERROR 3842591
ERROR 3850498
ERROR 3856032
ERROR 3877869
ERROR 3896000
ERROR 3898147
ERROR 3904750
ERROR 3908392
ERROR 3911703
ERROR 3915301
ERROR 3924123
ERROR 3955060
ERROR 3961185
ERROR 3965367
ERROR 3994162
ERROR 4011044
ERROR 4022415
ERROR 4055610
ERROR 4058856
ERROR 4060100
ERROR 4072446
ERROR 4097137
ERROR 4143199
ERROR 4170082
ERROR 4184961
ERROR 4189552
ERROR 4246513
ERROR 4253084
ERROR 4254814
ERROR 4256487
ERROR 4259127
ERROR 4259660
ERROR 4263337
ERROR 4275709
ERROR 4277361
ERROR 4282787
ERROR 4295987
ERROR 4302296
ERROR 4314924
ERROR 4330294
ERROR 4331559
ERROR 4331876
ERROR 4338334
ERROR 4346851
ERROR 4351320
ERROR 4352952
ERROR 4359315
ERROR 4384996
ERROR 4418498
ERROR 4419554
ERROR 4424603
ERROR 4426914
ERROR 4429887
ERROR 4430330
ERROR 4442074
ERROR 4453264
ERROR 4460772
ERROR 4471999
ERROR 4498329
ERROR 4519927
ERROR 4554950
ERROR 4578773
ERROR 4602005
ERROR 4609332
ERROR 4609592
ERROR 4615836
ERROR 4616447
ERROR 4629303
ERROR 4643856
ERROR 4645809
ERROR 4649733
ERROR 4650760
ERROR 4660382
ERROR 4660416
ERROR 4661966
ERROR 4673835
ERROR 4679554
ERROR 4693622
ERROR 4704702
ERROR 4712539
ERROR 4717135
ERROR 4726040
ERROR 4727477
ERROR 4736167
ERROR 4736532
ERROR 4758393
ERROR 4766348
ERROR 4768909
ERROR 4779333
ERROR 4781854
ERROR 4785954
ERROR 4795278
ERROR 4813605
ERROR 4824927
ERROR 4842090
ERROR 4848721
ERROR 4884637
ERROR 4892990
ERROR 4910613
ERROR 4913607
ERROR 4914127
ERROR 4935426
ERROR 4937501
ERROR 4947391
ERROR 4956453
ERROR 4971712
ERROR 4974446
ERROR 4979686
ERROR 4997899
ERROR 5002365
ERROR 5008302
ERROR 5010376
ERROR 5019687
ERROR 5039138
ERROR 5044166
ERROR 5044792
ERROR 5046326
ERROR 5046677
ERROR 5055563
ERROR 5083775
ERROR 5090876
ERROR 5101934
ERROR 5103607
ERROR 5132697
ERROR 5135784
ERROR 5142802
ERROR 5147115
ERROR 5188947
ERROR 5240826
ERROR 5253465
ERROR 5266839
ERROR 5279469
ERROR 5284716
ERROR 5292382
ERROR 5304405
ERROR 5323967
ERROR 5335073
ERROR 5335138
ERROR 5339983
ERROR 5363509
ERROR 5373320
ERROR 5383128
ERROR 5394733
ERROR 5405700
ERROR 5409108
ERROR 5442440
ERROR 5451087
ERROR 5468860
ERROR 5470290
ERROR 5478923
ERROR 5510274
ERROR 5515655
ERROR 5529945
ERROR 5582749
ERROR 5595191
ERROR 5600085
ERROR 5603690
ERROR 5617756
ERROR 5637288
ERROR 5637560
ERROR 5641742
ERROR 5642739
ERROR 5643427
ERROR 5645210
ERROR 5646096
ERROR 5646651
ERROR 5664761
ERROR 5668502
ERROR 5699188
ERROR 5702992
ERROR 5715289
ERROR 5719808
ERROR 5771796
ERROR 5791465
ERROR 5802750
ERROR 5812860
ERROR 5844248
ERROR 5849846
ERROR 5854853
ERROR 5857751
ERROR 5859636
ERROR 5863576
ERROR 5869363
ERROR 5878071
ERROR 5888547
ERROR 5911893
ERROR 5913711
ERROR 5935786
ERROR 5939436
ERROR 5942003
ERROR 5942394
ERROR 5945337
ERROR 5946426
ERROR 5952257
ERROR 5957726
ERROR 5968487
ERROR 5984044
ERROR 5988447
ERROR 6020759
ERROR 6033325
ERROR 6044535
ERROR 6059465
ERROR 6060803
ERROR 6065122
ERROR 6070783
ERROR 6073861
ERROR 6082898
ERROR 6087598
ERROR 6105366
ERROR 6112869
ERROR 6113142
ERROR 6130708
ERROR 6139858
ERROR 6175710
ERROR 6184368
ERROR 6251597
ERROR 6259633
ERROR 6273859
ERROR 6276708
ERROR 6292842
ERROR 6297544
ERROR 6307144
ERROR 6309709
ERROR 6319562
ERROR 6362569
ERROR 6377952
ERROR 6380140
ERROR 6391870
ERROR 6396789
ERROR 6415750
ERROR 6449796
ERROR 6456641
ERROR 6458313
ERROR 6463007
ERROR 6464474
ERROR 6478719
ERROR 6479179
ERROR 6503967
ERROR 6515649
ERROR 6523181
ERROR 6532073
ERROR 6538232
ERROR 6543096
ERROR 6552257
ERROR 6553590
ERROR 6558018
ERROR 6559740
ERROR 6561933
ERROR 6562805
ERROR 6566273
ERROR 6584548
ERROR 6597167
ERROR 6622810
ERROR 6623269
ERROR 6629306
ERROR 6629573
ERROR 6637538
ERROR 6658480
ERROR 6669476
ERROR 6672485
ERROR 6674605
ERROR 6680023
ERROR 6716164
ERROR 6721412
ERROR 6725633
ERROR 6730380
ERROR 6747341
ERROR 6756933
ERROR 6764530
ERROR 6776130
ERROR 6797682
ERROR 6810151
ERROR 6817521
ERROR 6817720
ERROR 6836489
ERROR 6863194
ERROR 6867487
ERROR 6872975
ERROR 6952238
ERROR 6956622
ERROR 6976524
ERROR 6980402
ERROR 6991032
ERROR 6994971
ERROR 7018817
ERROR 7051805
ERROR 7086293
ERROR 7087748
ERROR 7117881
ERROR 7118969
ERROR 7121728
ERROR 7137693
ERROR 7141556
ERROR 7158597
ERROR 7158909
ERROR 7164588
ERROR 7172322
ERROR 7177365
ERROR 7192207
ERROR 7196240
ERROR 7200004
ERROR 7204105
ERROR 7236861
ERROR 7243894
ERROR 7250231
ERROR 7253420
ERROR 7261274
ERROR 7266311
ERROR 7282671
ERROR 7288458
ERROR 7292714
ERROR 7301930
ERROR 7316612
ERROR 7317081
ERROR 7334242
ERROR 7334376
ERROR 7337078
ERROR 7356650
ERROR 7377737
ERROR 7385488
ERROR 7394877
ERROR 7395492
ERROR 7413770
ERROR 7427058
ERROR 7453649
ERROR 7460358
ERROR 7461100
ERROR 7469235
ERROR 7482022
ERROR 7491416
ERROR 7511117
ERROR 7536976
ERROR 7546489
ERROR 7560015
ERROR 7575371
ERROR 7601203
ERROR 7607543
ERROR 7647372
ERROR 7651543
ERROR 7654310
ERROR 7666241
ERROR 7667283
ERROR 7678698
ERROR 7687947
ERROR 7693453
ERROR 7701420
ERROR 7718362
ERROR 7718890
ERROR 7723477
ERROR 7762116
ERROR 7774559
ERROR 7779395
ERROR 7789387
ERROR 7813668
ERROR 7819167
ERROR 7826725
ERROR 7839728
ERROR 7846583
ERROR 7861800
ERROR 7871175
ERROR 7882768
ERROR 7902302
ERROR 7937081
ERROR 7975110
ERROR 7999031
ERROR 7999784
ERROR 8008485
ERROR 8022505
ERROR 8036404
ERROR 8053679
ERROR 8064367
ERROR 8074336
ERROR 8083086
ERROR 8089877
ERROR 8111058
ERROR 8151649
ERROR 8168597
ERROR 8170491
ERROR 8235045
ERROR 8235412
ERROR 8251322
ERROR 8254603
ERROR 8256775
ERROR 8267975
ERROR 8270005
ERROR 8273177
ERROR 8297851
ERROR 8306608
ERROR 8327539
ERROR 8333627
ERROR 8335197
ERROR 8343819
ERROR 8362605
ERROR 8371259
ERROR 8383527
ERROR 8387746
ERROR 8412302
ERROR 8418860
ERROR 8427266
ERROR 8452795
ERROR 8473437
ERROR 8476963
ERROR 8498789
ERROR 8527455
ERROR 8545015
ERROR 8548625
ERROR 8551887
ERROR 8564454
ERROR 8565199
ERROR 8568128
ERROR 8613732
ERROR 8622515
ERROR 8635927
ERROR 8641942
ERROR 8669493
ERROR 8669752
ERROR 8676811
ERROR 8688022
ERROR 8688052
ERROR 8688949
ERROR 8690118
ERROR 8692124
ERROR 8702941
ERROR 8709239
ERROR 8736274
ERROR 8745783
ERROR 8749076
ERROR 8772684
ERROR 8773330
ERROR 8789901
ERROR 8794982
ERROR 8819640
ERROR 8835607
ERROR 8850410
ERROR 8851941
ERROR 8897721
ERROR 8918011
ERROR 8936844
ERROR 8950688
ERROR 8950783
ERROR 8953076
ERROR 8964938
ERROR 8974764
ERROR 8997218
ERROR 8997617
ERROR 9007162
ERROR 9022089
ERROR 9023788
ERROR 9085106
ERROR 9089921
ERROR 9097409
ERROR 9099100
ERROR 9105720
ERROR 9123133
ERROR 9132817
ERROR 9136051
ERROR 9142809
ERROR 9147121
ERROR 9153996
ERROR 9160477
ERROR 9163585
ERROR 9189707
ERROR 9192400
ERROR 9200284
ERROR 9242194
ERROR 9252831
ERROR 9252942
ERROR 9258133
ERROR 9258791
ERROR 9263157
ERROR 9292089
ERROR 9292400
ERROR 9300336
ERROR 9305092
ERROR 9309587
ERROR 9313196
ERROR 9337555
ERROR 9390848
ERROR 9400243
ERROR 9402837
ERROR 9428946
ERROR 9430633
ERROR 9435726
ERROR 9450331
ERROR 9456927
ERROR 9464615
ERROR 9474491
ERROR 9491291
ERROR 9491305
ERROR 9523008
ERROR 9523018
ERROR 9528999
ERROR 9536928
ERROR 9573159
ERROR 9581302
ERROR 9590394
ERROR 9591112
ERROR 9614047
ERROR 9623532
ERROR 9632501
ERROR 9635272
ERROR 9639616
ERROR 9640904
ERROR 9652921
ERROR 9694724
ERROR 9699831
ERROR 9707115
ERROR 9711014
ERROR 9716748
ERROR 9717053
ERROR 9720847
ERROR 9724623
ERROR 9743204
ERROR 9744660
ERROR 9745700
ERROR 9746566
ERROR 9749094
ERROR 9751737
ERROR 9752509
ERROR 9753508
ERROR 9790287
ERROR 9793928
ERROR 9812604
ERROR 9815224
ERROR 9833624
ERROR 9846589
ERROR 9850027
ERROR 9869598
ERROR 9887170
ERROR 9893027
ERROR 9906220
ERROR 9907050
ERROR 9932364
ERROR 9937119
ERROR 9943278
ERROR 9960889
ERROR 9976440
ERROR 9978606
