ERROR 1
ERROR 2
ERROR 3
ERROR 4
ERROR 5
ERROR 6
ERROR 7
ERROR 8
ERROR 9
ERROR 16
ERROR 17
ERROR 18
ERROR 19
ERROR 20
ERROR 21
ERROR 22
ERROR 23
ERROR 24
ERROR 25
ERROR 26
ERROR 27
ERROR 28
ERROR 29
ERROR 30
ERROR 31
ERROR 32
ERROR 33
ERROR 129
ERROR 130
ERROR 131
ERROR 132
ERROR 133
ERROR 134
ERROR 135
ERROR 136
ERROR 137
ERROR 138
ERROR 139
ERROR 140
ERROR 141
ERROR 142
ERROR 143
ERROR 144
ERROR 145
ERROR 146
ERROR 147
ERROR 148
ERROR 149
ERROR 150
ERROR 151
ERROR 152
ERROR 153
ERROR 154
ERROR 155
ERROR 156
ERROR 157
ERROR 158
ERROR 159
ERROR 160
ERROR 161
ERROR 162
ERROR 163
ERROR 164
ERROR 165
ERROR 166
ERROR 167
ERROR 168
ERROR 169
ERROR 170
ERROR 171
ERROR 172
ERROR 173
ERROR 174
ERROR 175
ERROR 176
ERROR 177
ERROR 178
ERROR 179
ERROR 180
ERROR 181
ERROR 182
ERROR 183
ERROR 184
ERROR 185
ERROR 186
ERROR 187
ERROR 188
ERROR 189
ERROR 190
ERROR 191
ERROR 192
ERROR 193
ERROR 194
ERROR 195
ERROR 196
ERROR 197
ERROR 198
ERROR 199
ERROR 200
ERROR 201
ERROR 202
ERROR 203
ERROR 204
ERROR 205
ERROR 206
ERROR 207
ERROR 208
ERROR 209
ERROR 210
ERROR 211
ERROR 212
ERROR 213
ERROR 214
ERROR 215
ERROR 216
ERROR 217
ERROR 218
ERROR 219
ERROR 220
ERROR 221
ERROR 222
ERROR 223
ERROR 224
ERROR 225
ERROR 226
ERROR 227
ERROR 228
ERROR 229
ERROR 230
ERROR 231
ERROR 232
ERROR 233
ERROR 234
ERROR 235
ERROR 236
ERROR 237
ERROR 238
ERROR 239
ERROR 240
ERROR 241
ERROR 242
ERROR 243
ERROR 244
ERROR 245
ERROR 246
ERROR 247
ERROR 248
ERROR 249
ERROR 250
ERROR 251
ERROR 252
ERROR 253
ERROR 254
ERROR 255
ERROR 256
ERROR 257
ERROR 258
ERROR 259
ERROR 260
ERROR 261
ERROR 262
ERROR 263
ERROR 264
ERROR 265
ERROR 266
ERROR 267
ERROR 268
ERROR 269
ERROR 270
ERROR 271
ERROR 272
ERROR 273
ERROR 274
ERROR 275
ERROR 276
ERROR 277
ERROR 278
ERROR 279
ERROR 280
ERROR 281
ERROR 282
ERROR 283
ERROR 284
ERROR 285
ERROR 286
ERROR 287
ERROR 288
ERROR 289
ERROR 290
ERROR 291
ERROR 292
ERROR 293
ERROR 294
ERROR 295
ERROR 296
ERROR 297
ERROR 298
ERROR 299
ERROR 300
ERROR 301
ERROR 302
